2025-07-23 20:07:11,557 - INFO - 模型: densenet121
2025-07-23 20:07:11,558 - INFO - TensorBoard日志将保存在 'runs/densenet121' 目录下
2025-07-23 20:07:11,681 - INFO - Using device: cuda
2025-07-23 20:07:11,715 - INFO - 训练集样本数: 5994, 测试集样本数: 5794
2025-07-23 20:07:13,661 - INFO - 优化器设置完毕：模型主体学习率 0.0001, 分类头学习率 0.001
2025-07-23 20:07:13,661 - INFO - 学习率调度器: 余弦退火, T_max=25
2025-07-23 20:07:13,661 - INFO - Epoch 1/25
2025-07-23 20:07:13,661 - INFO - ----------
2025-07-23 20:07:31,908 - INFO - 训练 损失: 3.4389 准确率: 0.3003 学习率: 0.0001000
2025-07-23 20:07:38,575 - INFO - 验证 损失: 1.8245 准确率: 0.5595
2025-07-23 20:07:38,644 - INFO - 新最佳模型已保存！准确率: 0.5595
2025-07-23 20:07:38,644 - INFO - 本Epoch耗时 0m 25s
2025-07-23 20:07:38,644 - INFO - Epoch 2/25
2025-07-23 20:07:38,644 - INFO - ----------
2025-07-23 20:07:56,108 - INFO - 训练 损失: 1.2136 准确率: 0.7217 学习率: 0.0000996
2025-07-23 20:08:02,516 - INFO - 验证 损失: 1.1798 准确率: 0.6857
2025-07-23 20:08:02,585 - INFO - 新最佳模型已保存！准确率: 0.6857
2025-07-23 20:08:02,585 - INFO - 本Epoch耗时 0m 24s
2025-07-23 20:08:02,585 - INFO - Epoch 3/25
2025-07-23 20:08:02,585 - INFO - ----------
2025-07-23 20:08:19,516 - INFO - 训练 损失: 0.6330 准确率: 0.8539 学习率: 0.0000984
2025-07-23 20:08:25,827 - INFO - 验证 损失: 0.9995 准确率: 0.7201
2025-07-23 20:08:25,895 - INFO - 新最佳模型已保存！准确率: 0.7201
2025-07-23 20:08:25,895 - INFO - 本Epoch耗时 0m 23s
2025-07-23 20:08:25,895 - INFO - Epoch 4/25
2025-07-23 20:08:25,895 - INFO - ----------
2025-07-23 20:08:43,024 - INFO - 训练 损失: 0.3548 准确率: 0.9279 学习率: 0.0000965
2025-07-23 20:08:49,304 - INFO - 验证 损失: 0.8964 准确率: 0.7539
2025-07-23 20:08:49,371 - INFO - 新最佳模型已保存！准确率: 0.7539
2025-07-23 20:08:49,372 - INFO - 本Epoch耗时 0m 23s
2025-07-23 20:08:49,372 - INFO - Epoch 5/25
2025-07-23 20:08:49,372 - INFO - ----------
2025-07-23 20:09:06,498 - INFO - 训练 损失: 0.2051 准确率: 0.9613 学习率: 0.0000939
2025-07-23 20:09:12,983 - INFO - 验证 损失: 0.8789 准确率: 0.7611
2025-07-23 20:09:13,055 - INFO - 新最佳模型已保存！准确率: 0.7611
2025-07-23 20:09:13,056 - INFO - 本Epoch耗时 0m 24s
2025-07-23 20:09:13,056 - INFO - Epoch 6/25
2025-07-23 20:09:13,056 - INFO - ----------
2025-07-23 20:09:30,571 - INFO - 训练 损失: 0.1271 准确率: 0.9800 学习率: 0.0000905
2025-07-23 20:09:36,953 - INFO - 验证 损失: 0.8723 准确率: 0.7691
2025-07-23 20:09:37,022 - INFO - 新最佳模型已保存！准确率: 0.7691
2025-07-23 20:09:37,022 - INFO - 本Epoch耗时 0m 24s
2025-07-23 20:09:37,022 - INFO - Epoch 7/25
2025-07-23 20:09:37,022 - INFO - ----------
2025-07-23 20:09:54,320 - INFO - 训练 损失: 0.0807 准确率: 0.9907 学习率: 0.0000866
2025-07-23 20:10:00,714 - INFO - 验证 损失: 0.8482 准确率: 0.7734
2025-07-23 20:10:00,786 - INFO - 新最佳模型已保存！准确率: 0.7734
2025-07-23 20:10:00,786 - INFO - 本Epoch耗时 0m 24s
2025-07-23 20:10:00,786 - INFO - Epoch 8/25
2025-07-23 20:10:00,786 - INFO - ----------
2025-07-23 20:10:18,318 - INFO - 训练 损失: 0.0465 准确率: 0.9968 学习率: 0.0000821
2025-07-23 20:10:24,877 - INFO - 验证 损失: 0.8321 准确率: 0.7777
2025-07-23 20:10:24,947 - INFO - 新最佳模型已保存！准确率: 0.7777
2025-07-23 20:10:24,947 - INFO - 本Epoch耗时 0m 24s
2025-07-23 20:10:24,947 - INFO - Epoch 9/25
2025-07-23 20:10:24,947 - INFO - ----------
2025-07-23 20:10:42,283 - INFO - 训练 损失: 0.0393 准确率: 0.9965 学习率: 0.0000770
2025-07-23 20:10:48,796 - INFO - 验证 损失: 0.8685 准确率: 0.7765
2025-07-23 20:10:48,797 - INFO - 本Epoch耗时 0m 24s
2025-07-23 20:10:48,797 - INFO - Epoch 10/25
2025-07-23 20:10:48,797 - INFO - ----------
2025-07-23 20:11:06,014 - INFO - 训练 损失: 0.0262 准确率: 0.9992 学习率: 0.0000716
2025-07-23 20:11:12,532 - INFO - 验证 损失: 0.8399 准确率: 0.7808
2025-07-23 20:11:12,606 - INFO - 新最佳模型已保存！准确率: 0.7808
2025-07-23 20:11:12,606 - INFO - 本Epoch耗时 0m 24s
2025-07-23 20:11:12,606 - INFO - Epoch 11/25
2025-07-23 20:11:12,606 - INFO - ----------
2025-07-23 20:11:30,161 - INFO - 训练 损失: 0.0195 准确率: 0.9997 学习率: 0.0000658
2025-07-23 20:11:36,800 - INFO - 验证 损失: 0.8198 准确率: 0.7889
2025-07-23 20:11:36,868 - INFO - 新最佳模型已保存！准确率: 0.7889
2025-07-23 20:11:36,868 - INFO - 本Epoch耗时 0m 24s
2025-07-23 20:11:36,868 - INFO - Epoch 12/25
2025-07-23 20:11:36,868 - INFO - ----------
2025-07-23 20:11:54,209 - INFO - 训练 损失: 0.0157 准确率: 0.9993 学习率: 0.0000598
2025-07-23 20:12:00,584 - INFO - 验证 损失: 0.8263 准确率: 0.7877
2025-07-23 20:12:00,585 - INFO - 本Epoch耗时 0m 24s
2025-07-23 20:12:00,585 - INFO - Epoch 13/25
2025-07-23 20:12:00,585 - INFO - ----------
2025-07-23 20:12:17,850 - INFO - 训练 损失: 0.0130 准确率: 1.0000 学习率: 0.0000536
2025-07-23 20:12:24,291 - INFO - 验证 损失: 0.8229 准确率: 0.7886
2025-07-23 20:12:24,292 - INFO - 本Epoch耗时 0m 24s
2025-07-23 20:12:24,292 - INFO - Epoch 14/25
2025-07-23 20:12:24,292 - INFO - ----------
2025-07-23 20:12:41,483 - INFO - 训练 损失: 0.0097 准确率: 1.0000 学习率: 0.0000474
2025-07-23 20:12:47,997 - INFO - 验证 损失: 0.8230 准确率: 0.7934
2025-07-23 20:12:48,065 - INFO - 新最佳模型已保存！准确率: 0.7934
2025-07-23 20:12:48,065 - INFO - 本Epoch耗时 0m 24s
2025-07-23 20:12:48,065 - INFO - Epoch 15/25
2025-07-23 20:12:48,065 - INFO - ----------
2025-07-23 20:13:05,475 - INFO - 训练 损失: 0.0093 准确率: 0.9998 学习率: 0.0000412
2025-07-23 20:13:12,045 - INFO - 验证 损失: 0.8248 准确率: 0.7922
2025-07-23 20:13:12,046 - INFO - 本Epoch耗时 0m 24s
2025-07-23 20:13:12,046 - INFO - Epoch 16/25
2025-07-23 20:13:12,046 - INFO - ----------
2025-07-23 20:13:29,452 - INFO - 训练 损失: 0.0075 准确率: 1.0000 学习率: 0.0000352
2025-07-23 20:13:36,132 - INFO - 验证 损失: 0.8220 准确率: 0.7919
2025-07-23 20:13:36,132 - INFO - 本Epoch耗时 0m 24s
2025-07-23 20:13:36,132 - INFO - Epoch 17/25
2025-07-23 20:13:36,133 - INFO - ----------
2025-07-23 20:13:53,941 - INFO - 训练 损失: 0.0067 准确率: 1.0000 学习率: 0.0000294
2025-07-23 20:14:00,573 - INFO - 验证 损失: 0.8298 准确率: 0.7932
2025-07-23 20:14:00,574 - INFO - 本Epoch耗时 0m 24s
2025-07-23 20:14:00,574 - INFO - Epoch 18/25
2025-07-23 20:14:00,574 - INFO - ----------
2025-07-23 20:14:17,801 - INFO - 训练 损失: 0.0059 准确率: 1.0000 学习率: 0.0000240
2025-07-23 20:14:24,231 - INFO - 验证 损失: 0.8293 准确率: 0.7934
2025-07-23 20:14:24,232 - INFO - 本Epoch耗时 0m 24s
2025-07-23 20:14:24,232 - INFO - Epoch 19/25
2025-07-23 20:14:24,232 - INFO - ----------
2025-07-23 20:14:41,882 - INFO - 训练 损失: 0.0057 准确率: 1.0000 学习率: 0.0000189
2025-07-23 20:14:48,465 - INFO - 验证 损失: 0.8280 准确率: 0.7913
2025-07-23 20:14:48,466 - INFO - 本Epoch耗时 0m 24s
2025-07-23 20:14:48,466 - INFO - Epoch 20/25
2025-07-23 20:14:48,466 - INFO - ----------
2025-07-23 20:15:05,648 - INFO - 训练 损失: 0.0052 准确率: 1.0000 学习率: 0.0000144
2025-07-23 20:15:12,189 - INFO - 验证 损失: 0.8317 准确率: 0.7922
2025-07-23 20:15:12,190 - INFO - 本Epoch耗时 0m 24s
2025-07-23 20:15:12,190 - INFO - Epoch 21/25
2025-07-23 20:15:12,190 - INFO - ----------
2025-07-23 20:15:29,568 - INFO - 训练 损失: 0.0049 准确率: 1.0000 学习率: 0.0000105
2025-07-23 20:15:36,033 - INFO - 验证 损失: 0.8300 准确率: 0.7932
2025-07-23 20:15:36,034 - INFO - 本Epoch耗时 0m 24s
2025-07-23 20:15:36,034 - INFO - Epoch 22/25
2025-07-23 20:15:36,034 - INFO - ----------
2025-07-23 20:15:53,820 - INFO - 训练 损失: 0.0048 准确率: 1.0000 学习率: 0.0000071
2025-07-23 20:16:00,499 - INFO - 验证 损失: 0.8299 准确率: 0.7951
2025-07-23 20:16:00,576 - INFO - 新最佳模型已保存！准确率: 0.7951
2025-07-23 20:16:00,576 - INFO - 本Epoch耗时 0m 25s
2025-07-23 20:16:00,576 - INFO - Epoch 23/25
2025-07-23 20:16:00,576 - INFO - ----------
2025-07-23 20:16:17,973 - INFO - 训练 损失: 0.0046 准确率: 1.0000 学习率: 0.0000045
2025-07-23 20:16:24,472 - INFO - 验证 损失: 0.8260 准确率: 0.7951
2025-07-23 20:16:24,473 - INFO - 本Epoch耗时 0m 24s
2025-07-23 20:16:24,473 - INFO - Epoch 24/25
2025-07-23 20:16:24,473 - INFO - ----------
2025-07-23 20:16:42,002 - INFO - 训练 损失: 0.0045 准确率: 1.0000 学习率: 0.0000026
2025-07-23 20:16:48,614 - INFO - 验证 损失: 0.8272 准确率: 0.7950
2025-07-23 20:16:48,615 - INFO - 本Epoch耗时 0m 24s
2025-07-23 20:16:48,615 - INFO - Epoch 25/25
2025-07-23 20:16:48,615 - INFO - ----------
2025-07-23 20:17:06,157 - INFO - 训练 损失: 0.0044 准确率: 1.0000 学习率: 0.0000014
2025-07-23 20:17:12,893 - INFO - 验证 损失: 0.8301 准确率: 0.7913
2025-07-23 20:17:12,894 - INFO - 本Epoch耗时 0m 24s
2025-07-23 20:17:12,894 - INFO - 训练完成！最佳验证准确率: 0.795133
