2025-07-23 21:09:47,731 - INFO - 模型: resnet50
2025-07-23 21:09:47,731 - INFO - TensorBoard日志将保存在 'runs/resnet50' 目录下
2025-07-23 21:09:47,852 - INFO - Using device: cuda
2025-07-23 21:09:47,887 - INFO - 训练集样本数: 5994, 测试集样本数: 5794
2025-07-23 21:09:48,432 - INFO - 优化器设置完毕：模型主体学习率 0.0001, 分类头学习率 0.001
2025-07-23 21:09:48,432 - INFO - 学习率调度器: 余弦退火, T_max=25
2025-07-23 21:09:48,432 - INFO - Epoch 1/25
2025-07-23 21:09:48,432 - INFO - ----------
2025-07-23 21:10:03,298 - INFO - 训练 损失: 2.8696 准确率: 0.3605 学习率: 0.0001000
2025-07-23 21:10:09,790 - INFO - 验证 损失: 1.1798 准确率: 0.6634
2025-07-23 21:10:09,895 - INFO - 新最佳模型已保存！准确率: 0.6634
2025-07-23 21:10:09,895 - INFO - 本Epoch耗时 0m 21s
2025-07-23 21:10:09,895 - INFO - Epoch 2/25
2025-07-23 21:10:09,895 - INFO - ----------
2025-07-23 21:10:24,302 - INFO - 训练 损失: 0.6964 准确率: 0.7958 学习率: 0.0000996
2025-07-23 21:10:30,575 - INFO - 验证 损失: 0.9499 准确率: 0.7283
2025-07-23 21:10:30,700 - INFO - 新最佳模型已保存！准确率: 0.7283
2025-07-23 21:10:30,700 - INFO - 本Epoch耗时 0m 21s
2025-07-23 21:10:30,700 - INFO - Epoch 3/25
2025-07-23 21:10:30,700 - INFO - ----------
2025-07-23 21:10:45,357 - INFO - 训练 损失: 0.3283 准确率: 0.9084 学习率: 0.0000984
2025-07-23 21:10:51,713 - INFO - 验证 损失: 0.9575 准确率: 0.7280
2025-07-23 21:10:51,714 - INFO - 本Epoch耗时 0m 21s
2025-07-23 21:10:51,714 - INFO - Epoch 4/25
2025-07-23 21:10:51,714 - INFO - ----------
2025-07-23 21:11:06,462 - INFO - 训练 损失: 0.1789 准确率: 0.9501 学习率: 0.0000965
2025-07-23 21:11:12,757 - INFO - 验证 损失: 0.9617 准确率: 0.7444
2025-07-23 21:11:12,878 - INFO - 新最佳模型已保存！准确率: 0.7444
2025-07-23 21:11:12,878 - INFO - 本Epoch耗时 0m 21s
2025-07-23 21:11:12,878 - INFO - Epoch 5/25
2025-07-23 21:11:12,878 - INFO - ----------
2025-07-23 21:11:27,706 - INFO - 训练 损失: 0.0969 准确率: 0.9768 学习率: 0.0000939
2025-07-23 21:11:34,042 - INFO - 验证 损失: 0.9890 准确率: 0.7511
2025-07-23 21:11:34,166 - INFO - 新最佳模型已保存！准确率: 0.7511
2025-07-23 21:11:34,166 - INFO - 本Epoch耗时 0m 21s
2025-07-23 21:11:34,166 - INFO - Epoch 6/25
2025-07-23 21:11:34,166 - INFO - ----------
2025-07-23 21:11:48,986 - INFO - 训练 损失: 0.0650 准确率: 0.9842 学习率: 0.0000905
2025-07-23 21:11:55,361 - INFO - 验证 损失: 0.9635 准确率: 0.7660
2025-07-23 21:11:55,483 - INFO - 新最佳模型已保存！准确率: 0.7660
2025-07-23 21:11:55,483 - INFO - 本Epoch耗时 0m 21s
2025-07-23 21:11:55,483 - INFO - Epoch 7/25
2025-07-23 21:11:55,484 - INFO - ----------
2025-07-23 21:12:10,081 - INFO - 训练 损失: 0.0445 准确率: 0.9910 学习率: 0.0000866
2025-07-23 21:12:16,543 - INFO - 验证 损失: 0.9517 准确率: 0.7751
2025-07-23 21:12:16,667 - INFO - 新最佳模型已保存！准确率: 0.7751
2025-07-23 21:12:16,667 - INFO - 本Epoch耗时 0m 21s
2025-07-23 21:12:16,667 - INFO - Epoch 8/25
2025-07-23 21:12:16,667 - INFO - ----------
2025-07-23 21:12:31,388 - INFO - 训练 损失: 0.0290 准确率: 0.9948 学习率: 0.0000821
2025-07-23 21:12:37,665 - INFO - 验证 损失: 0.9791 准确率: 0.7658
2025-07-23 21:12:37,666 - INFO - 本Epoch耗时 0m 21s
2025-07-23 21:12:37,666 - INFO - Epoch 9/25
2025-07-23 21:12:37,666 - INFO - ----------
2025-07-23 21:12:52,236 - INFO - 训练 损失: 0.0197 准确率: 0.9967 学习率: 0.0000770
2025-07-23 21:12:58,416 - INFO - 验证 损失: 0.9694 准确率: 0.7734
2025-07-23 21:12:58,417 - INFO - 本Epoch耗时 0m 21s
2025-07-23 21:12:58,417 - INFO - Epoch 10/25
2025-07-23 21:12:58,417 - INFO - ----------
2025-07-23 21:13:13,140 - INFO - 训练 损失: 0.0128 准确率: 0.9988 学习率: 0.0000716
2025-07-23 21:13:19,419 - INFO - 验证 损失: 0.9656 准确率: 0.7825
2025-07-23 21:13:19,542 - INFO - 新最佳模型已保存！准确率: 0.7825
2025-07-23 21:13:19,542 - INFO - 本Epoch耗时 0m 21s
2025-07-23 21:13:19,542 - INFO - Epoch 11/25
2025-07-23 21:13:19,542 - INFO - ----------
2025-07-23 21:13:34,340 - INFO - 训练 损失: 0.0105 准确率: 0.9978 学习率: 0.0000658
2025-07-23 21:13:41,069 - INFO - 验证 损失: 0.9678 准确率: 0.7844
2025-07-23 21:13:41,195 - INFO - 新最佳模型已保存！准确率: 0.7844
2025-07-23 21:13:41,195 - INFO - 本Epoch耗时 0m 22s
2025-07-23 21:13:41,195 - INFO - Epoch 12/25
2025-07-23 21:13:41,195 - INFO - ----------
2025-07-23 21:13:56,052 - INFO - 训练 损失: 0.0174 准确率: 0.9963 学习率: 0.0000598
2025-07-23 21:14:02,454 - INFO - 验证 损失: 1.0051 准确率: 0.7770
2025-07-23 21:14:02,455 - INFO - 本Epoch耗时 0m 21s
2025-07-23 21:14:02,455 - INFO - Epoch 13/25
2025-07-23 21:14:02,455 - INFO - ----------
2025-07-23 21:14:17,152 - INFO - 训练 损失: 0.0101 准确率: 0.9987 学习率: 0.0000536
2025-07-23 21:14:23,599 - INFO - 验证 损失: 0.9922 准确率: 0.7798
2025-07-23 21:14:23,600 - INFO - 本Epoch耗时 0m 21s
2025-07-23 21:14:23,600 - INFO - Epoch 14/25
2025-07-23 21:14:23,600 - INFO - ----------
2025-07-23 21:14:38,320 - INFO - 训练 损失: 0.0092 准确率: 0.9987 学习率: 0.0000474
2025-07-23 21:14:44,752 - INFO - 验证 损失: 0.9493 准确率: 0.7891
2025-07-23 21:14:44,875 - INFO - 新最佳模型已保存！准确率: 0.7891
2025-07-23 21:14:44,876 - INFO - 本Epoch耗时 0m 21s
2025-07-23 21:14:44,876 - INFO - Epoch 15/25
2025-07-23 21:14:44,876 - INFO - ----------
2025-07-23 21:14:59,548 - INFO - 训练 损失: 0.0050 准确率: 0.9997 学习率: 0.0000412
2025-07-23 21:15:05,758 - INFO - 验证 损失: 0.9513 准确率: 0.7894
2025-07-23 21:15:05,873 - INFO - 新最佳模型已保存！准确率: 0.7894
2025-07-23 21:15:05,874 - INFO - 本Epoch耗时 0m 21s
2025-07-23 21:15:05,874 - INFO - Epoch 16/25
2025-07-23 21:15:05,874 - INFO - ----------
2025-07-23 21:15:20,620 - INFO - 训练 损失: 0.0043 准确率: 0.9995 学习率: 0.0000352
2025-07-23 21:15:26,933 - INFO - 验证 损失: 0.9768 准确率: 0.7831
2025-07-23 21:15:26,935 - INFO - 本Epoch耗时 0m 21s
2025-07-23 21:15:26,935 - INFO - Epoch 17/25
2025-07-23 21:15:26,935 - INFO - ----------
2025-07-23 21:15:41,938 - INFO - 训练 损失: 0.0031 准确率: 0.9998 学习率: 0.0000294
2025-07-23 21:15:48,240 - INFO - 验证 损失: 0.9633 准确率: 0.7865
2025-07-23 21:15:48,241 - INFO - 本Epoch耗时 0m 21s
2025-07-23 21:15:48,241 - INFO - Epoch 18/25
2025-07-23 21:15:48,241 - INFO - ----------
2025-07-23 21:16:03,108 - INFO - 训练 损失: 0.0025 准确率: 0.9998 学习率: 0.0000240
2025-07-23 21:16:09,499 - INFO - 验证 损失: 0.9716 准确率: 0.7858
2025-07-23 21:16:09,499 - INFO - 本Epoch耗时 0m 21s
2025-07-23 21:16:09,499 - INFO - Epoch 19/25
2025-07-23 21:16:09,499 - INFO - ----------
2025-07-23 21:16:24,189 - INFO - 训练 损失: 0.0021 准确率: 1.0000 学习率: 0.0000189
2025-07-23 21:16:30,528 - INFO - 验证 损失: 0.9767 准确率: 0.7867
2025-07-23 21:16:30,529 - INFO - 本Epoch耗时 0m 21s
2025-07-23 21:16:30,529 - INFO - Epoch 20/25
2025-07-23 21:16:30,530 - INFO - ----------
2025-07-23 21:16:45,438 - INFO - 训练 损失: 0.0018 准确率: 1.0000 学习率: 0.0000144
2025-07-23 21:16:51,794 - INFO - 验证 损失: 0.9476 准确率: 0.7922
2025-07-23 21:16:51,915 - INFO - 新最佳模型已保存！准确率: 0.7922
2025-07-23 21:16:51,916 - INFO - 本Epoch耗时 0m 21s
2025-07-23 21:16:51,916 - INFO - Epoch 21/25
2025-07-23 21:16:51,916 - INFO - ----------
2025-07-23 21:17:06,603 - INFO - 训练 损失: 0.0021 准确率: 1.0000 学习率: 0.0000105
2025-07-23 21:17:12,852 - INFO - 验证 损失: 0.9656 准确率: 0.7901
2025-07-23 21:17:12,852 - INFO - 本Epoch耗时 0m 21s
2025-07-23 21:17:12,853 - INFO - Epoch 22/25
2025-07-23 21:17:12,853 - INFO - ----------
2025-07-23 21:17:27,779 - INFO - 训练 损失: 0.0019 准确率: 0.9998 学习率: 0.0000071
2025-07-23 21:17:34,009 - INFO - 验证 损失: 0.9545 准确率: 0.7934
2025-07-23 21:17:34,127 - INFO - 新最佳模型已保存！准确率: 0.7934
2025-07-23 21:17:34,127 - INFO - 本Epoch耗时 0m 21s
2025-07-23 21:17:34,127 - INFO - Epoch 23/25
2025-07-23 21:17:34,127 - INFO - ----------
2025-07-23 21:17:48,771 - INFO - 训练 损失: 0.0016 准确率: 1.0000 学习率: 0.0000045
2025-07-23 21:17:55,197 - INFO - 验证 损失: 0.9473 准确率: 0.7936
2025-07-23 21:17:55,315 - INFO - 新最佳模型已保存！准确率: 0.7936
2025-07-23 21:17:55,316 - INFO - 本Epoch耗时 0m 21s
2025-07-23 21:17:55,316 - INFO - Epoch 24/25
2025-07-23 21:17:55,316 - INFO - ----------
2025-07-23 21:18:10,168 - INFO - 训练 损失: 0.0015 准确率: 1.0000 学习率: 0.0000026
2025-07-23 21:18:16,642 - INFO - 验证 损失: 0.9532 准确率: 0.7946
2025-07-23 21:18:16,763 - INFO - 新最佳模型已保存！准确率: 0.7946
2025-07-23 21:18:16,763 - INFO - 本Epoch耗时 0m 21s
2025-07-23 21:18:16,763 - INFO - Epoch 25/25
2025-07-23 21:18:16,763 - INFO - ----------
2025-07-23 21:18:31,669 - INFO - 训练 损失: 0.0017 准确率: 1.0000 学习率: 0.0000014
2025-07-23 21:18:38,010 - INFO - 验证 损失: 0.9592 准确率: 0.7948
2025-07-23 21:18:38,138 - INFO - 新最佳模型已保存！准确率: 0.7948
2025-07-23 21:18:38,138 - INFO - 本Epoch耗时 0m 21s
2025-07-23 21:18:38,138 - INFO - 训练完成！最佳验证准确率: 0.794788
