2025-07-23 20:44:45,158 - INFO - 模型: efficientnet_b3
2025-07-23 20:44:45,158 - INFO - TensorBoard日志将保存在 'runs/efficientnet_b3' 目录下
2025-07-23 20:44:45,276 - INFO - Using device: cuda
2025-07-23 20:44:45,310 - INFO - 训练集样本数: 5994, 测试集样本数: 5794
2025-07-23 20:44:47,925 - INFO - 优化器设置完毕：模型主体学习率 0.0001, 分类头学习率 0.001
2025-07-23 20:44:47,925 - INFO - 学习率调度器: 余弦退火, T_max=25
2025-07-23 20:44:47,925 - INFO - Epoch 1/25
2025-07-23 20:44:47,925 - INFO - ----------
2025-07-23 20:45:05,447 - INFO - 训练 损失: 3.7731 准确率: 0.2454 学习率: 0.0001000
2025-07-23 20:45:12,054 - INFO - 验证 损失: 1.8150 准确率: 0.5497
2025-07-23 20:45:12,128 - INFO - 新最佳模型已保存！准确率: 0.5497
2025-07-23 20:45:12,128 - INFO - 本Epoch耗时 0m 24s
2025-07-23 20:45:12,128 - INFO - Epoch 2/25
2025-07-23 20:45:12,128 - INFO - ----------
2025-07-23 20:45:29,212 - INFO - 训练 损失: 1.2987 准确率: 0.6732 学习率: 0.0000996
2025-07-23 20:45:35,643 - INFO - 验证 损失: 1.1161 准确率: 0.6942
2025-07-23 20:45:35,722 - INFO - 新最佳模型已保存！准确率: 0.6942
2025-07-23 20:45:35,722 - INFO - 本Epoch耗时 0m 24s
2025-07-23 20:45:35,722 - INFO - Epoch 3/25
2025-07-23 20:45:35,723 - INFO - ----------
2025-07-23 20:45:53,016 - INFO - 训练 损失: 0.7088 准确率: 0.8115 学习率: 0.0000984
2025-07-23 20:45:59,524 - INFO - 验证 损失: 0.9829 准确率: 0.7159
2025-07-23 20:45:59,606 - INFO - 新最佳模型已保存！准确率: 0.7159
2025-07-23 20:45:59,607 - INFO - 本Epoch耗时 0m 24s
2025-07-23 20:45:59,607 - INFO - Epoch 4/25
2025-07-23 20:45:59,607 - INFO - ----------
2025-07-23 20:46:16,988 - INFO - 训练 损失: 0.4366 准确率: 0.8851 学习率: 0.0000965
2025-07-23 20:46:23,512 - INFO - 验证 损失: 0.9167 准确率: 0.7449
2025-07-23 20:46:23,590 - INFO - 新最佳模型已保存！准确率: 0.7449
2025-07-23 20:46:23,591 - INFO - 本Epoch耗时 0m 24s
2025-07-23 20:46:23,591 - INFO - Epoch 5/25
2025-07-23 20:46:23,591 - INFO - ----------
2025-07-23 20:46:40,849 - INFO - 训练 损失: 0.2894 准确率: 0.9289 学习率: 0.0000939
2025-07-23 20:46:47,555 - INFO - 验证 损失: 0.9034 准确率: 0.7482
2025-07-23 20:46:47,635 - INFO - 新最佳模型已保存！准确率: 0.7482
2025-07-23 20:46:47,636 - INFO - 本Epoch耗时 0m 24s
2025-07-23 20:46:47,636 - INFO - Epoch 6/25
2025-07-23 20:46:47,636 - INFO - ----------
2025-07-23 20:47:04,990 - INFO - 训练 损失: 0.1968 准确率: 0.9571 学习率: 0.0000905
2025-07-23 20:47:11,540 - INFO - 验证 损失: 0.9129 准确率: 0.7522
2025-07-23 20:47:11,620 - INFO - 新最佳模型已保存！准确率: 0.7522
2025-07-23 20:47:11,620 - INFO - 本Epoch耗时 0m 24s
2025-07-23 20:47:11,620 - INFO - Epoch 7/25
2025-07-23 20:47:11,620 - INFO - ----------
2025-07-23 20:47:28,982 - INFO - 训练 损失: 0.1418 准确率: 0.9706 学习率: 0.0000866
2025-07-23 20:47:35,533 - INFO - 验证 损失: 0.8979 准确率: 0.7606
2025-07-23 20:47:35,614 - INFO - 新最佳模型已保存！准确率: 0.7606
2025-07-23 20:47:35,614 - INFO - 本Epoch耗时 0m 24s
2025-07-23 20:47:35,614 - INFO - Epoch 8/25
2025-07-23 20:47:35,614 - INFO - ----------
2025-07-23 20:47:52,886 - INFO - 训练 损失: 0.1056 准确率: 0.9800 学习率: 0.0000821
2025-07-23 20:47:59,275 - INFO - 验证 损失: 0.9193 准确率: 0.7591
2025-07-23 20:47:59,276 - INFO - 本Epoch耗时 0m 24s
2025-07-23 20:47:59,276 - INFO - Epoch 9/25
2025-07-23 20:47:59,276 - INFO - ----------
2025-07-23 20:48:16,713 - INFO - 训练 损失: 0.0826 准确率: 0.9837 学习率: 0.0000770
2025-07-23 20:48:23,024 - INFO - 验证 损失: 0.9263 准确率: 0.7565
2025-07-23 20:48:23,025 - INFO - 本Epoch耗时 0m 24s
2025-07-23 20:48:23,025 - INFO - Epoch 10/25
2025-07-23 20:48:23,025 - INFO - ----------
2025-07-23 20:48:40,682 - INFO - 训练 损失: 0.0659 准确率: 0.9885 学习率: 0.0000716
2025-07-23 20:48:47,275 - INFO - 验证 损失: 0.9429 准确率: 0.7604
2025-07-23 20:48:47,276 - INFO - 本Epoch耗时 0m 24s
2025-07-23 20:48:47,276 - INFO - Epoch 11/25
2025-07-23 20:48:47,276 - INFO - ----------
2025-07-23 20:49:04,828 - INFO - 训练 损失: 0.0525 准确率: 0.9935 学习率: 0.0000658
2025-07-23 20:49:11,569 - INFO - 验证 损失: 0.9335 准确率: 0.7613
2025-07-23 20:49:11,649 - INFO - 新最佳模型已保存！准确率: 0.7613
2025-07-23 20:49:11,650 - INFO - 本Epoch耗时 0m 24s
2025-07-23 20:49:11,650 - INFO - Epoch 12/25
2025-07-23 20:49:11,650 - INFO - ----------
2025-07-23 20:49:28,920 - INFO - 训练 损失: 0.0483 准确率: 0.9922 学习率: 0.0000598
2025-07-23 20:49:35,369 - INFO - 验证 损失: 0.9413 准确率: 0.7627
2025-07-23 20:49:35,450 - INFO - 新最佳模型已保存！准确率: 0.7627
2025-07-23 20:49:35,450 - INFO - 本Epoch耗时 0m 24s
2025-07-23 20:49:35,450 - INFO - Epoch 13/25
2025-07-23 20:49:35,450 - INFO - ----------
2025-07-23 20:49:52,877 - INFO - 训练 损失: 0.0382 准确率: 0.9945 学习率: 0.0000536
2025-07-23 20:49:59,440 - INFO - 验证 损失: 0.9273 准确率: 0.7686
2025-07-23 20:49:59,524 - INFO - 新最佳模型已保存！准确率: 0.7686
2025-07-23 20:49:59,524 - INFO - 本Epoch耗时 0m 24s
2025-07-23 20:49:59,524 - INFO - Epoch 14/25
2025-07-23 20:49:59,524 - INFO - ----------
2025-07-23 20:50:17,099 - INFO - 训练 损失: 0.0332 准确率: 0.9955 学习率: 0.0000474
2025-07-23 20:50:23,574 - INFO - 验证 损失: 0.9435 准确率: 0.7677
2025-07-23 20:50:23,575 - INFO - 本Epoch耗时 0m 24s
2025-07-23 20:50:23,575 - INFO - Epoch 15/25
2025-07-23 20:50:23,575 - INFO - ----------
2025-07-23 20:50:41,009 - INFO - 训练 损失: 0.0292 准确率: 0.9960 学习率: 0.0000412
2025-07-23 20:50:47,473 - INFO - 验证 损失: 0.9476 准确率: 0.7661
2025-07-23 20:50:47,474 - INFO - 本Epoch耗时 0m 24s
2025-07-23 20:50:47,474 - INFO - Epoch 16/25
2025-07-23 20:50:47,474 - INFO - ----------
2025-07-23 20:51:04,722 - INFO - 训练 损失: 0.0255 准确率: 0.9973 学习率: 0.0000352
2025-07-23 20:51:11,160 - INFO - 验证 损失: 0.9477 准确率: 0.7665
2025-07-23 20:51:11,161 - INFO - 本Epoch耗时 0m 24s
2025-07-23 20:51:11,162 - INFO - Epoch 17/25
2025-07-23 20:51:11,162 - INFO - ----------
2025-07-23 20:51:28,661 - INFO - 训练 损失: 0.0252 准确率: 0.9963 学习率: 0.0000294
2025-07-23 20:51:35,370 - INFO - 验证 损失: 0.9424 准确率: 0.7713
2025-07-23 20:51:35,451 - INFO - 新最佳模型已保存！准确率: 0.7713
2025-07-23 20:51:35,452 - INFO - 本Epoch耗时 0m 24s
2025-07-23 20:51:35,452 - INFO - Epoch 18/25
2025-07-23 20:51:35,452 - INFO - ----------
2025-07-23 20:51:52,918 - INFO - 训练 损失: 0.0202 准确率: 0.9982 学习率: 0.0000240
2025-07-23 20:51:59,451 - INFO - 验证 损失: 0.9485 准确率: 0.7692
2025-07-23 20:51:59,452 - INFO - 本Epoch耗时 0m 24s
2025-07-23 20:51:59,452 - INFO - Epoch 19/25
2025-07-23 20:51:59,452 - INFO - ----------
2025-07-23 20:52:16,859 - INFO - 训练 损失: 0.0199 准确率: 0.9977 学习率: 0.0000189
2025-07-23 20:52:23,569 - INFO - 验证 损失: 0.9463 准确率: 0.7705
2025-07-23 20:52:23,570 - INFO - 本Epoch耗时 0m 24s
2025-07-23 20:52:23,570 - INFO - Epoch 20/25
2025-07-23 20:52:23,570 - INFO - ----------
2025-07-23 20:52:40,856 - INFO - 训练 损失: 0.0209 准确率: 0.9963 学习率: 0.0000144
2025-07-23 20:52:47,199 - INFO - 验证 损失: 0.9425 准确率: 0.7720
2025-07-23 20:52:47,277 - INFO - 新最佳模型已保存！准确率: 0.7720
2025-07-23 20:52:47,277 - INFO - 本Epoch耗时 0m 24s
2025-07-23 20:52:47,277 - INFO - Epoch 21/25
2025-07-23 20:52:47,277 - INFO - ----------
2025-07-23 20:53:04,689 - INFO - 训练 损失: 0.0183 准确率: 0.9973 学习率: 0.0000105
2025-07-23 20:53:11,232 - INFO - 验证 损失: 0.9562 准确率: 0.7746
2025-07-23 20:53:11,311 - INFO - 新最佳模型已保存！准确率: 0.7746
2025-07-23 20:53:11,311 - INFO - 本Epoch耗时 0m 24s
2025-07-23 20:53:11,312 - INFO - Epoch 22/25
2025-07-23 20:53:11,312 - INFO - ----------
2025-07-23 20:53:28,816 - INFO - 训练 损失: 0.0193 准确率: 0.9983 学习率: 0.0000071
2025-07-23 20:53:35,506 - INFO - 验证 损失: 0.9382 准确率: 0.7760
2025-07-23 20:53:35,585 - INFO - 新最佳模型已保存！准确率: 0.7760
2025-07-23 20:53:35,585 - INFO - 本Epoch耗时 0m 24s
2025-07-23 20:53:35,585 - INFO - Epoch 23/25
2025-07-23 20:53:35,585 - INFO - ----------
2025-07-23 20:53:53,095 - INFO - 训练 损失: 0.0172 准确率: 0.9980 学习率: 0.0000045
2025-07-23 20:53:59,573 - INFO - 验证 损失: 0.9362 准确率: 0.7758
2025-07-23 20:53:59,574 - INFO - 本Epoch耗时 0m 24s
2025-07-23 20:53:59,574 - INFO - Epoch 24/25
2025-07-23 20:53:59,574 - INFO - ----------
2025-07-23 20:54:16,946 - INFO - 训练 损失: 0.0167 准确率: 0.9983 学习率: 0.0000026
2025-07-23 20:54:23,452 - INFO - 验证 损失: 0.9325 准确率: 0.7782
2025-07-23 20:54:23,538 - INFO - 新最佳模型已保存！准确率: 0.7782
2025-07-23 20:54:23,539 - INFO - 本Epoch耗时 0m 24s
2025-07-23 20:54:23,539 - INFO - Epoch 25/25
2025-07-23 20:54:23,539 - INFO - ----------
2025-07-23 20:54:40,810 - INFO - 训练 损失: 0.0172 准确率: 0.9973 学习率: 0.0000014
2025-07-23 20:54:47,188 - INFO - 验证 损失: 0.9351 准确率: 0.7758
2025-07-23 20:54:47,188 - INFO - 本Epoch耗时 0m 24s
2025-07-23 20:54:47,189 - INFO - 训练完成！最佳验证准确率: 0.778219
