2025-07-23 21:41:18,886 - INFO - TensorBoard日志将保存在 'runs/baseline_model' 目录下
2025-07-23 21:41:19,002 - INFO - Using device: cuda
2025-07-23 21:41:19,036 - INFO - 训练集样本数: 5994, 测试集样本数: 5794
2025-07-23 21:41:19,555 - INFO - Epoch 1/25
2025-07-23 21:41:19,555 - INFO - ----------
2025-07-23 21:41:26,455 - INFO - 训练 损失: 4.2635 准确率: 0.1910
2025-07-23 21:41:32,722 - INFO - 验证 损失: 3.3592 准确率: 0.3645
2025-07-23 21:41:32,854 - INFO - 新最佳模型已保存！准确率: 0.3645
2025-07-23 21:41:32,854 - INFO - 本Epoch耗时 0m 13s
2025-07-23 21:41:32,854 - INFO - Epoch 2/25
2025-07-23 21:41:32,854 - INFO - ----------
2025-07-23 21:41:39,703 - INFO - 训练 损失: 2.5556 准确率: 0.5854
2025-07-23 21:41:46,027 - INFO - 验证 损失: 2.6647 准确率: 0.4582
2025-07-23 21:41:46,154 - INFO - 新最佳模型已保存！准确率: 0.4582
2025-07-23 21:41:46,154 - INFO - 本Epoch耗时 0m 13s
2025-07-23 21:41:46,154 - INFO - Epoch 3/25
2025-07-23 21:41:46,155 - INFO - ----------
2025-07-23 21:41:53,048 - INFO - 训练 损失: 1.8105 准确率: 0.7296
2025-07-23 21:41:59,304 - INFO - 验证 损失: 2.3112 准确率: 0.4953
2025-07-23 21:41:59,421 - INFO - 新最佳模型已保存！准确率: 0.4953
2025-07-23 21:41:59,421 - INFO - 本Epoch耗时 0m 13s
2025-07-23 21:41:59,421 - INFO - Epoch 4/25
2025-07-23 21:41:59,421 - INFO - ----------
2025-07-23 21:42:06,265 - INFO - 训练 损失: 1.3715 准确率: 0.8141
2025-07-23 21:42:12,502 - INFO - 验证 损失: 2.1892 准确率: 0.5202
2025-07-23 21:42:12,630 - INFO - 新最佳模型已保存！准确率: 0.5202
2025-07-23 21:42:12,631 - INFO - 本Epoch耗时 0m 13s
2025-07-23 21:42:12,631 - INFO - Epoch 5/25
2025-07-23 21:42:12,631 - INFO - ----------
2025-07-23 21:42:19,417 - INFO - 训练 损失: 1.1027 准确率: 0.8592
2025-07-23 21:42:25,698 - INFO - 验证 损失: 1.9862 准确率: 0.5299
2025-07-23 21:42:25,821 - INFO - 新最佳模型已保存！准确率: 0.5299
2025-07-23 21:42:25,821 - INFO - 本Epoch耗时 0m 13s
2025-07-23 21:42:25,821 - INFO - Epoch 6/25
2025-07-23 21:42:25,821 - INFO - ----------
2025-07-23 21:42:32,684 - INFO - 训练 损失: 0.8818 准确率: 0.8974
2025-07-23 21:42:38,753 - INFO - 验证 损失: 1.9351 准确率: 0.5411
2025-07-23 21:42:38,872 - INFO - 新最佳模型已保存！准确率: 0.5411
2025-07-23 21:42:38,873 - INFO - 本Epoch耗时 0m 13s
2025-07-23 21:42:38,873 - INFO - Epoch 7/25
2025-07-23 21:42:38,873 - INFO - ----------
2025-07-23 21:42:45,631 - INFO - 训练 损失: 0.7406 准确率: 0.9201
2025-07-23 21:42:51,766 - INFO - 验证 损失: 1.8536 准确率: 0.5573
2025-07-23 21:42:51,886 - INFO - 新最佳模型已保存！准确率: 0.5573
2025-07-23 21:42:51,887 - INFO - 本Epoch耗时 0m 13s
2025-07-23 21:42:51,887 - INFO - Epoch 8/25
2025-07-23 21:42:51,887 - INFO - ----------
2025-07-23 21:42:58,783 - INFO - 训练 损失: 0.6270 准确率: 0.9393
2025-07-23 21:43:04,899 - INFO - 验证 损失: 1.8064 准确率: 0.5585
2025-07-23 21:43:05,014 - INFO - 新最佳模型已保存！准确率: 0.5585
2025-07-23 21:43:05,015 - INFO - 本Epoch耗时 0m 13s
2025-07-23 21:43:05,015 - INFO - Epoch 9/25
2025-07-23 21:43:05,015 - INFO - ----------
2025-07-23 21:43:12,035 - INFO - 训练 损失: 0.5424 准确率: 0.9499
2025-07-23 21:43:18,265 - INFO - 验证 损失: 1.7767 准确率: 0.5639
2025-07-23 21:43:18,384 - INFO - 新最佳模型已保存！准确率: 0.5639
2025-07-23 21:43:18,384 - INFO - 本Epoch耗时 0m 13s
2025-07-23 21:43:18,384 - INFO - Epoch 10/25
2025-07-23 21:43:18,384 - INFO - ----------
2025-07-23 21:43:25,374 - INFO - 训练 损失: 0.4676 准确率: 0.9620
2025-07-23 21:43:31,612 - INFO - 验证 损失: 1.7444 准确率: 0.5645
2025-07-23 21:43:31,740 - INFO - 新最佳模型已保存！准确率: 0.5645
2025-07-23 21:43:31,741 - INFO - 本Epoch耗时 0m 13s
2025-07-23 21:43:31,741 - INFO - Epoch 11/25
2025-07-23 21:43:31,741 - INFO - ----------
2025-07-23 21:43:38,806 - INFO - 训练 损失: 0.4133 准确率: 0.9683
2025-07-23 21:43:44,995 - INFO - 验证 损失: 1.7497 准确率: 0.5668
2025-07-23 21:43:45,117 - INFO - 新最佳模型已保存！准确率: 0.5668
2025-07-23 21:43:45,117 - INFO - 本Epoch耗时 0m 13s
2025-07-23 21:43:45,117 - INFO - Epoch 12/25
2025-07-23 21:43:45,117 - INFO - ----------
2025-07-23 21:43:51,928 - INFO - 训练 损失: 0.3576 准确率: 0.9738
2025-07-23 21:43:58,356 - INFO - 验证 损失: 1.6841 准确率: 0.5759
2025-07-23 21:43:58,532 - INFO - 新最佳模型已保存！准确率: 0.5759
2025-07-23 21:43:58,533 - INFO - 本Epoch耗时 0m 13s
2025-07-23 21:43:58,533 - INFO - Epoch 13/25
2025-07-23 21:43:58,533 - INFO - ----------
2025-07-23 21:44:05,303 - INFO - 训练 损失: 0.3236 准确率: 0.9783
2025-07-23 21:44:11,612 - INFO - 验证 损失: 1.7009 准确率: 0.5756
2025-07-23 21:44:11,613 - INFO - 本Epoch耗时 0m 13s
2025-07-23 21:44:11,613 - INFO - Epoch 14/25
2025-07-23 21:44:11,613 - INFO - ----------
2025-07-23 21:44:18,428 - INFO - 训练 损失: 0.2887 准确率: 0.9823
2025-07-23 21:44:24,719 - INFO - 验证 损失: 1.6675 准确率: 0.5734
2025-07-23 21:44:24,720 - INFO - 本Epoch耗时 0m 13s
2025-07-23 21:44:24,720 - INFO - Epoch 15/25
2025-07-23 21:44:24,720 - INFO - ----------
2025-07-23 21:44:31,435 - INFO - 训练 损失: 0.2573 准确率: 0.9865
2025-07-23 21:44:37,763 - INFO - 验证 损失: 1.6681 准确率: 0.5720
2025-07-23 21:44:37,764 - INFO - 本Epoch耗时 0m 13s
2025-07-23 21:44:37,764 - INFO - Epoch 16/25
2025-07-23 21:44:37,764 - INFO - ----------
2025-07-23 21:44:44,609 - INFO - 训练 损失: 0.2325 准确率: 0.9880
2025-07-23 21:44:50,896 - INFO - 验证 损失: 1.6647 准确率: 0.5773
2025-07-23 21:44:51,017 - INFO - 新最佳模型已保存！准确率: 0.5773
2025-07-23 21:44:51,018 - INFO - 本Epoch耗时 0m 13s
2025-07-23 21:44:51,018 - INFO - Epoch 17/25
2025-07-23 21:44:51,018 - INFO - ----------
2025-07-23 21:44:57,853 - INFO - 训练 损失: 0.2058 准确率: 0.9907
2025-07-23 21:45:04,113 - INFO - 验证 损失: 1.6858 准确率: 0.5761
2025-07-23 21:45:04,114 - INFO - 本Epoch耗时 0m 13s
2025-07-23 21:45:04,114 - INFO - Epoch 18/25
2025-07-23 21:45:04,114 - INFO - ----------
2025-07-23 21:45:11,123 - INFO - 训练 损失: 0.1920 准确率: 0.9907
2025-07-23 21:45:17,467 - INFO - 验证 损失: 1.6786 准确率: 0.5756
2025-07-23 21:45:17,467 - INFO - 本Epoch耗时 0m 13s
2025-07-23 21:45:17,467 - INFO - Epoch 19/25
2025-07-23 21:45:17,467 - INFO - ----------
2025-07-23 21:45:24,303 - INFO - 训练 损失: 0.1714 准确率: 0.9937
2025-07-23 21:45:30,355 - INFO - 验证 损失: 1.6711 准确率: 0.5792
2025-07-23 21:45:30,477 - INFO - 新最佳模型已保存！准确率: 0.5792
2025-07-23 21:45:30,477 - INFO - 本Epoch耗时 0m 13s
2025-07-23 21:45:30,477 - INFO - Epoch 20/25
2025-07-23 21:45:30,477 - INFO - ----------
2025-07-23 21:45:37,248 - INFO - 训练 损失: 0.1596 准确率: 0.9927
2025-07-23 21:45:43,498 - INFO - 验证 损失: 1.6274 准确率: 0.5771
2025-07-23 21:45:43,499 - INFO - 本Epoch耗时 0m 13s
2025-07-23 21:45:43,499 - INFO - Epoch 21/25
2025-07-23 21:45:43,499 - INFO - ----------
2025-07-23 21:45:50,361 - INFO - 训练 损失: 0.1392 准确率: 0.9955
2025-07-23 21:45:56,707 - INFO - 验证 损失: 1.6483 准确率: 0.5766
2025-07-23 21:45:56,708 - INFO - 本Epoch耗时 0m 13s
2025-07-23 21:45:56,708 - INFO - Epoch 22/25
2025-07-23 21:45:56,708 - INFO - ----------
2025-07-23 21:46:03,513 - INFO - 训练 损失: 0.1345 准确率: 0.9943
2025-07-23 21:46:09,892 - INFO - 验证 损失: 1.6345 准确率: 0.5872
2025-07-23 21:46:10,018 - INFO - 新最佳模型已保存！准确率: 0.5872
2025-07-23 21:46:10,018 - INFO - 本Epoch耗时 0m 13s
2025-07-23 21:46:10,018 - INFO - Epoch 23/25
2025-07-23 21:46:10,018 - INFO - ----------
2025-07-23 21:46:16,793 - INFO - 训练 损失: 0.1239 准确率: 0.9952
2025-07-23 21:46:23,329 - INFO - 验证 损失: 1.6440 准确率: 0.5834
2025-07-23 21:46:23,329 - INFO - 本Epoch耗时 0m 13s
2025-07-23 21:46:23,330 - INFO - Epoch 24/25
2025-07-23 21:46:23,330 - INFO - ----------
2025-07-23 21:46:30,080 - INFO - 训练 损失: 0.1119 准确率: 0.9967
2025-07-23 21:46:36,430 - INFO - 验证 损失: 1.6400 准确率: 0.5815
2025-07-23 21:46:36,431 - INFO - 本Epoch耗时 0m 13s
2025-07-23 21:46:36,431 - INFO - Epoch 25/25
2025-07-23 21:46:36,431 - INFO - ----------
2025-07-23 21:46:43,239 - INFO - 训练 损失: 0.1060 准确率: 0.9975
2025-07-23 21:46:49,571 - INFO - 验证 损失: 1.6096 准确率: 0.5849
2025-07-23 21:46:49,572 - INFO - 本Epoch耗时 0m 13s
2025-07-23 21:46:49,573 - INFO - 训练完成！最佳验证准确率: 0.587159
