2025-07-23 21:49:59,647 - INFO - TensorBoard日志将保存在 'runs/improved_model' 目录下
2025-07-23 21:49:59,766 - INFO - Using device: cuda
2025-07-23 21:49:59,799 - INFO - 训练集样本数: 5994, 测试集样本数: 5794
2025-07-23 21:50:00,341 - INFO - 需要训练的参数:
2025-07-23 21:50:00,341 - INFO - 	layer4.0.conv1.weight
2025-07-23 21:50:00,341 - INFO - 	layer4.0.bn1.weight
2025-07-23 21:50:00,341 - INFO - 	layer4.0.bn1.bias
2025-07-23 21:50:00,341 - INFO - 	layer4.0.conv2.weight
2025-07-23 21:50:00,341 - INFO - 	layer4.0.bn2.weight
2025-07-23 21:50:00,341 - INFO - 	layer4.0.bn2.bias
2025-07-23 21:50:00,341 - INFO - 	layer4.0.conv3.weight
2025-07-23 21:50:00,342 - INFO - 	layer4.0.bn3.weight
2025-07-23 21:50:00,342 - INFO - 	layer4.0.bn3.bias
2025-07-23 21:50:00,342 - INFO - 	layer4.0.downsample.0.weight
2025-07-23 21:50:00,342 - INFO - 	layer4.0.downsample.1.weight
2025-07-23 21:50:00,342 - INFO - 	layer4.0.downsample.1.bias
2025-07-23 21:50:00,342 - INFO - 	layer4.1.conv1.weight
2025-07-23 21:50:00,342 - INFO - 	layer4.1.bn1.weight
2025-07-23 21:50:00,342 - INFO - 	layer4.1.bn1.bias
2025-07-23 21:50:00,342 - INFO - 	layer4.1.conv2.weight
2025-07-23 21:50:00,342 - INFO - 	layer4.1.bn2.weight
2025-07-23 21:50:00,342 - INFO - 	layer4.1.bn2.bias
2025-07-23 21:50:00,342 - INFO - 	layer4.1.conv3.weight
2025-07-23 21:50:00,342 - INFO - 	layer4.1.bn3.weight
2025-07-23 21:50:00,342 - INFO - 	layer4.1.bn3.bias
2025-07-23 21:50:00,342 - INFO - 	layer4.2.conv1.weight
2025-07-23 21:50:00,342 - INFO - 	layer4.2.bn1.weight
2025-07-23 21:50:00,342 - INFO - 	layer4.2.bn1.bias
2025-07-23 21:50:00,342 - INFO - 	layer4.2.conv2.weight
2025-07-23 21:50:00,342 - INFO - 	layer4.2.bn2.weight
2025-07-23 21:50:00,342 - INFO - 	layer4.2.bn2.bias
2025-07-23 21:50:00,342 - INFO - 	layer4.2.conv3.weight
2025-07-23 21:50:00,342 - INFO - 	layer4.2.bn3.weight
2025-07-23 21:50:00,342 - INFO - 	layer4.2.bn3.bias
2025-07-23 21:50:00,342 - INFO - 	layer4.SELayer.fc.0.weight
2025-07-23 21:50:00,342 - INFO - 	layer4.SELayer.fc.2.weight
2025-07-23 21:50:00,342 - INFO - 	fc.weight
2025-07-23 21:50:00,342 - INFO - 	fc.bias
2025-07-23 21:50:00,343 - INFO - Epoch 1/25
2025-07-23 21:50:00,343 - INFO - ----------
2025-07-23 21:50:07,812 - INFO - 训练 损失: 3.1281 准确率: 0.2786
2025-07-23 21:50:14,076 - INFO - 验证 损失: 1.6705 准确率: 0.5299
2025-07-23 21:50:14,220 - INFO - 新最佳模型已保存！准确率: 0.5299
2025-07-23 21:50:14,220 - INFO - 本Epoch耗时 0m 14s
2025-07-23 21:50:14,220 - INFO - Epoch 2/25
2025-07-23 21:50:14,220 - INFO - ----------
2025-07-23 21:50:21,508 - INFO - 训练 损失: 1.0814 准确率: 0.6859
2025-07-23 21:50:27,822 - INFO - 验证 损失: 1.3559 准确率: 0.6317
2025-07-23 21:50:27,954 - INFO - 新最佳模型已保存！准确率: 0.6317
2025-07-23 21:50:27,955 - INFO - 本Epoch耗时 0m 14s
2025-07-23 21:50:27,955 - INFO - Epoch 3/25
2025-07-23 21:50:27,955 - INFO - ----------
2025-07-23 21:50:35,462 - INFO - 训练 损失: 0.6162 准确率: 0.8136
2025-07-23 21:50:41,728 - INFO - 验证 损失: 1.1747 准确率: 0.6914
2025-07-23 21:50:41,859 - INFO - 新最佳模型已保存！准确率: 0.6914
2025-07-23 21:50:41,859 - INFO - 本Epoch耗时 0m 14s
2025-07-23 21:50:41,860 - INFO - Epoch 4/25
2025-07-23 21:50:41,860 - INFO - ----------
2025-07-23 21:50:49,178 - INFO - 训练 损失: 0.3614 准确率: 0.8919
2025-07-23 21:50:55,301 - INFO - 验证 损失: 1.3145 准确率: 0.6950
2025-07-23 21:50:55,425 - INFO - 新最佳模型已保存！准确率: 0.6950
2025-07-23 21:50:55,425 - INFO - 本Epoch耗时 0m 14s
2025-07-23 21:50:55,425 - INFO - Epoch 5/25
2025-07-23 21:50:55,425 - INFO - ----------
2025-07-23 21:51:02,628 - INFO - 训练 损失: 0.2469 准确率: 0.9304
2025-07-23 21:51:08,854 - INFO - 验证 损失: 1.3142 准确率: 0.6947
2025-07-23 21:51:08,855 - INFO - 本Epoch耗时 0m 13s
2025-07-23 21:51:08,855 - INFO - Epoch 6/25
2025-07-23 21:51:08,855 - INFO - ----------
2025-07-23 21:51:16,054 - INFO - 训练 损失: 0.1907 准确率: 0.9454
2025-07-23 21:51:22,158 - INFO - 验证 损失: 1.2745 准确率: 0.6981
2025-07-23 21:51:22,294 - INFO - 新最佳模型已保存！准确率: 0.6981
2025-07-23 21:51:22,294 - INFO - 本Epoch耗时 0m 13s
2025-07-23 21:51:22,294 - INFO - Epoch 7/25
2025-07-23 21:51:22,294 - INFO - ----------
2025-07-23 21:51:29,646 - INFO - 训练 损失: 0.1281 准确率: 0.9671
2025-07-23 21:51:35,935 - INFO - 验证 损失: 1.3638 准确率: 0.7052
2025-07-23 21:51:36,065 - INFO - 新最佳模型已保存！准确率: 0.7052
2025-07-23 21:51:36,065 - INFO - 本Epoch耗时 0m 14s
2025-07-23 21:51:36,065 - INFO - Epoch 8/25
2025-07-23 21:51:36,065 - INFO - ----------
2025-07-23 21:51:43,426 - INFO - 训练 损失: 0.1119 准确率: 0.9695
2025-07-23 21:51:49,715 - INFO - 验证 损失: 1.3563 准确率: 0.7116
2025-07-23 21:51:49,871 - INFO - 新最佳模型已保存！准确率: 0.7116
2025-07-23 21:51:49,871 - INFO - 本Epoch耗时 0m 14s
2025-07-23 21:51:49,871 - INFO - Epoch 9/25
2025-07-23 21:51:49,871 - INFO - ----------
2025-07-23 21:51:57,223 - INFO - 训练 损失: 0.0956 准确率: 0.9755
2025-07-23 21:52:03,286 - INFO - 验证 损失: 1.2664 准确率: 0.7130
2025-07-23 21:52:03,419 - INFO - 新最佳模型已保存！准确率: 0.7130
2025-07-23 21:52:03,419 - INFO - 本Epoch耗时 0m 14s
2025-07-23 21:52:03,419 - INFO - Epoch 10/25
2025-07-23 21:52:03,419 - INFO - ----------
2025-07-23 21:52:10,618 - INFO - 训练 损失: 0.0591 准确率: 0.9853
2025-07-23 21:52:16,803 - INFO - 验证 损失: 1.4381 准确率: 0.7092
2025-07-23 21:52:16,804 - INFO - 本Epoch耗时 0m 13s
2025-07-23 21:52:16,804 - INFO - Epoch 11/25
2025-07-23 21:52:16,804 - INFO - ----------
2025-07-23 21:52:24,244 - INFO - 训练 损失: 0.0878 准确率: 0.9776
2025-07-23 21:52:30,402 - INFO - 验证 损失: 1.3780 准确率: 0.6954
2025-07-23 21:52:30,403 - INFO - 本Epoch耗时 0m 14s
2025-07-23 21:52:30,403 - INFO - Epoch 12/25
2025-07-23 21:52:30,403 - INFO - ----------
2025-07-23 21:52:37,776 - INFO - 训练 损失: 0.0692 准确率: 0.9820
2025-07-23 21:52:44,114 - INFO - 验证 损失: 1.3654 准确率: 0.7152
2025-07-23 21:52:44,251 - INFO - 新最佳模型已保存！准确率: 0.7152
2025-07-23 21:52:44,251 - INFO - 本Epoch耗时 0m 14s
2025-07-23 21:52:44,251 - INFO - Epoch 13/25
2025-07-23 21:52:44,251 - INFO - ----------
2025-07-23 21:52:51,718 - INFO - 训练 损失: 0.0490 准确率: 0.9905
2025-07-23 21:52:57,837 - INFO - 验证 损失: 1.4444 准确率: 0.6947
2025-07-23 21:52:57,837 - INFO - 本Epoch耗时 0m 14s
2025-07-23 21:52:57,837 - INFO - Epoch 14/25
2025-07-23 21:52:57,838 - INFO - ----------
2025-07-23 21:53:05,037 - INFO - 训练 损失: 0.0514 准确率: 0.9863
2025-07-23 21:53:11,194 - INFO - 验证 损失: 1.8329 准确率: 0.6912
2025-07-23 21:53:11,194 - INFO - 本Epoch耗时 0m 13s
2025-07-23 21:53:11,194 - INFO - Epoch 15/25
2025-07-23 21:53:11,194 - INFO - ----------
2025-07-23 21:53:18,372 - INFO - 训练 损失: 0.0663 准确率: 0.9830
2025-07-23 21:53:24,634 - INFO - 验证 损失: 1.9966 准确率: 0.7026
2025-07-23 21:53:24,635 - INFO - 本Epoch耗时 0m 13s
2025-07-23 21:53:24,635 - INFO - Epoch 16/25
2025-07-23 21:53:24,635 - INFO - ----------
2025-07-23 21:53:32,050 - INFO - 训练 损失: 0.0621 准确率: 0.9838
2025-07-23 21:53:38,590 - INFO - 验证 损失: 1.5116 准确率: 0.7030
2025-07-23 21:53:38,591 - INFO - 本Epoch耗时 0m 14s
2025-07-23 21:53:38,591 - INFO - Epoch 17/25
2025-07-23 21:53:38,592 - INFO - ----------
2025-07-23 21:53:46,065 - INFO - 训练 损失: 0.0494 准确率: 0.9873
2025-07-23 21:53:52,533 - INFO - 验证 损失: 1.5123 准确率: 0.6997
2025-07-23 21:53:52,534 - INFO - 本Epoch耗时 0m 14s
2025-07-23 21:53:52,534 - INFO - Epoch 18/25
2025-07-23 21:53:52,534 - INFO - ----------
2025-07-23 21:53:59,713 - INFO - 训练 损失: 0.0300 准确率: 0.9937
2025-07-23 21:54:06,086 - INFO - 验证 损失: 1.7240 准确率: 0.7081
2025-07-23 21:54:06,087 - INFO - 本Epoch耗时 0m 14s
2025-07-23 21:54:06,087 - INFO - Epoch 19/25
2025-07-23 21:54:06,087 - INFO - ----------
2025-07-23 21:54:13,460 - INFO - 训练 损失: 0.0367 准确率: 0.9917
2025-07-23 21:54:19,971 - INFO - 验证 损失: 1.4455 准确率: 0.7125
2025-07-23 21:54:19,972 - INFO - 本Epoch耗时 0m 14s
2025-07-23 21:54:19,972 - INFO - Epoch 20/25
2025-07-23 21:54:19,972 - INFO - ----------
2025-07-23 21:54:27,505 - INFO - 训练 损失: 0.0435 准确率: 0.9870
2025-07-23 21:54:33,750 - INFO - 验证 损失: 1.5129 准确率: 0.7056
2025-07-23 21:54:33,751 - INFO - 本Epoch耗时 0m 14s
2025-07-23 21:54:33,751 - INFO - Epoch 21/25
2025-07-23 21:54:33,751 - INFO - ----------
2025-07-23 21:54:41,282 - INFO - 训练 损失: 0.0470 准确率: 0.9875
2025-07-23 21:54:47,720 - INFO - 验证 损失: 1.4621 准确率: 0.7094
2025-07-23 21:54:47,720 - INFO - 本Epoch耗时 0m 14s
2025-07-23 21:54:47,720 - INFO - Epoch 22/25
2025-07-23 21:54:47,721 - INFO - ----------
2025-07-23 21:54:55,147 - INFO - 训练 损失: 0.0403 准确率: 0.9893
2025-07-23 21:55:01,514 - INFO - 验证 损失: 1.5768 准确率: 0.7018
2025-07-23 21:55:01,515 - INFO - 本Epoch耗时 0m 14s
2025-07-23 21:55:01,515 - INFO - Epoch 23/25
2025-07-23 21:55:01,515 - INFO - ----------
2025-07-23 21:55:08,829 - INFO - 训练 损失: 0.0321 准确率: 0.9932
2025-07-23 21:55:15,183 - INFO - 验证 损失: 1.5287 准确率: 0.7130
2025-07-23 21:55:15,184 - INFO - 本Epoch耗时 0m 14s
2025-07-23 21:55:15,184 - INFO - Epoch 24/25
2025-07-23 21:55:15,184 - INFO - ----------
2025-07-23 21:55:22,558 - INFO - 训练 损失: 0.0307 准确率: 0.9932
2025-07-23 21:55:28,973 - INFO - 验证 损失: 1.6595 准确率: 0.6983
2025-07-23 21:55:28,974 - INFO - 本Epoch耗时 0m 14s
2025-07-23 21:55:28,975 - INFO - Epoch 25/25
2025-07-23 21:55:28,975 - INFO - ----------
2025-07-23 21:55:36,401 - INFO - 训练 损失: 0.0345 准确率: 0.9932
2025-07-23 21:55:42,756 - INFO - 验证 损失: 1.5003 准确率: 0.7151
2025-07-23 21:55:42,757 - INFO - 本Epoch耗时 0m 14s
2025-07-23 21:55:42,757 - INFO - 训练完成！最佳验证准确率: 0.715223
